<?xml version="1.0" encoding="UTF-8" ?>
<testsuite tests="6" failures="0" name="TestSuite" time="14.52" errors="0" skipped="0">
  <properties>
    <property name="JOB_NAME" value="NaveenMavenAutomationFramework"/>
    <property name="java.vendor" value="Oracle Corporation"/>
    <property name="sun.java.launcher" value="SUN_STANDARD"/>
    <property name="RUN_TESTS_DISPLAY_URL" value="http://localhost:8080/job/NaveenMavenAutomationFramework/4/display/redirect?page=tests"/>
    <property name="NUMBER_OF_PROCESSORS" value="4"/>
    <property name="sun.management.compiler" value="HotSpot 64-Bit Tiered Compilers"/>
    <property name="JENKINS_HOME" value="C:\Users\TAPAN\.jenkins"/>
    <property name="HUDSON_SERVER_COOKIE" value="02bf491a9e491287"/>
    <property name="POM_ARTIFACTID" value="NaveenMavenAutomationFramework"/>
    <property name="os.name" value="Windows 10"/>
    <property name="EXECUTOR_NUMBER" value="1"/>
    <property name="JUNIT_HOME" value="C:\Program Files\Java\jdk-14\lib\junit-4.13.jar"/>
    <property name="sun.desktop" value="windows"/>
    <property name="PATHEXT" value=".COM;.EXE;.BAT;.CMD;.VBS;.VBE;.JS;.JSE;.WSF;.WSH;.MSC"/>
    <property name="POM_DISPLAYNAME" value="NaveenMavenAutomationFramework"/>
    <property name="java.vm.specification.vendor" value="Oracle Corporation"/>
    <property name="TEMP" value="C:\Users\TAPAN\AppData\Local\Temp"/>
    <property name="NODE_LABELS" value="master"/>
    <property name="java.runtime.version" value="11.0.13+10-LTS-370"/>
    <property name="ANT_HOME" value="C:\TAPAN\STUDY\QUALITY ASSURANCE NIKUL SIR\SOFTWARE AND FILES\apache-ant-1.10.11"/>
    <property name="user.name" value="TAPAN"/>
    <property name="guice.disable.misplaced.annotation.check" value="true"/>
    <property name="CommonProgramW6432" value="C:\Program Files\Common Files"/>
    <property name="ProgramFiles" value="C:\Program Files"/>
    <property name="PROMPT" value="$P$G"/>
    <property name="user.language" value="en"/>
    <property name="JOB_BASE_NAME" value="NaveenMavenAutomationFramework"/>
    <property name="RUN_CHANGES_DISPLAY_URL" value="http://localhost:8080/job/NaveenMavenAutomationFramework/4/display/redirect?page=changes"/>
    <property name="BUILD_DISPLAY_NAME" value="#4"/>
    <property name="OneDrive" value="C:\Users\TAPAN\OneDrive"/>
    <property name="sun.boot.library.path" value="C:\Program Files\Java\jdk-11.0.13\bin"/>
    <property name="java.vm.compressedOopsMode" value="32-bit"/>
    <property name="LOCALAPPDATA" value="C:\Users\TAPAN\AppData\Local"/>
    <property name="java.version" value="11.0.13"/>
    <property name="user.timezone" value="America/New_York"/>
    <property name="PROCESSOR_LEVEL" value="6"/>
    <property name="USERNAME" value="TAPAN"/>
    <property name="sun.arch.data.model" value="64"/>
    <property name="NODE_NAME" value="master"/>
    <property name="OneDriveConsumer" value="C:\Users\TAPAN\OneDrive"/>
    <property name="BUILD_ID" value="4"/>
    <property name="sun.cpu.isalist" value="amd64"/>
    <property name="sun.jnu.encoding" value="Cp1252"/>
    <property name="maven.conf" value="C:\Users\TAPAN\.jenkins\tools\hudson.tasks.Maven_MavenInstallation\TestMaven\conf"/>
    <property name="HOMEDRIVE" value="C:"/>
    <property name="file.separator" value="\"/>
    <property name="java.specification.name" value="Java Platform API Specification"/>
    <property name="java.class.version" value="55.0"/>
    <property name="org.slf4j.simpleLogger.defaultLogLevel" value="info"/>
    <property name="user.country" value="CA"/>
    <property name="ALLUSERSPROFILE" value="C:\ProgramData"/>
    <property name="java.home" value="C:\Program Files\Java\jdk-11.0.13"/>
    <property name="java.vm.info" value="mixed mode"/>
    <property name="os.version" value="10.0"/>
    <property name="RUN_DISPLAY_URL" value="http://localhost:8080/job/NaveenMavenAutomationFramework/4/display/redirect"/>
    <property name="POM_VERSION" value="0.0.1-SNAPSHOT"/>
    <property name="TMP" value="C:\Users\TAPAN\AppData\Local\Temp"/>
    <property name="path.separator" value=";"/>
    <property name="RUN_ARTIFACTS_DISPLAY_URL" value="http://localhost:8080/job/NaveenMavenAutomationFramework/4/display/redirect?page=artifacts"/>
    <property name="java.vm.version" value="11.0.13+10-LTS-370"/>
    <property name="user.variant" value=""/>
    <property name="CommonProgramFiles(x86)" value="C:\Program Files (x86)\Common Files"/>
    <property name="JOB_DISPLAY_URL" value="http://localhost:8080/job/NaveenMavenAutomationFramework/display/redirect"/>
    <property name="USERDOMAIN_ROAMINGPROFILE" value="TAPAN-PC"/>
    <property name="java.awt.printerjob" value="sun.awt.windows.WPrinterJob"/>
    <property name="path" value="C:\Program Files\Java\jdk-11.0.13/bin;C:\Program Files\Common Files\Oracle\Java\javapath;C:\TAPAN\STUDY\SQL Learning\mysql-8.0.20-winx64\bin;C:\WINDOWS\system32;C:\WINDOWS;C:\WINDOWS\System32\Wbem;C:\WINDOWS\System32\WindowsPowerShell\v1.0\;C:\WINDOWS\System32\OpenSSH\;C:\TAPAN\STUDY\QUALITY ASSURANCE NIKUL SIR\SOFTWARE AND FILES\apache-ant-1.10.11\bin;C:\TAPAN\STUDY\QUALITY ASSURANCE NIKUL SIR\SOFTWARE AND FILES\apache-maven-3.8.3-bin\apache-maven-3.8.3\bin;C:\Program Files\Java\jdk-11.0.13\bin;C:\Program Files\Git\cmd;C:\Program Files\nodejs\;C:\Users\TAPAN\Downloads\openlogic-openjdk-8u262-b10-mac-x64\jdk1.8.0_262.jdk\Contents\Home\bin;C:\Users\TAPAN\AppData\Local\Microsoft\WindowsApps;C:\Users\TAPAN\AppData\Roaming\npm;C:\Program Files\nodejs\;"/>
    <property name="CommonProgramFiles" value="C:\Program Files\Common Files"/>
    <property name="sun.io.unicode.encoding" value="UnicodeLittle"/>
    <property name="JAVA_HOME" value="C:\Program Files\Java\jdk-11.0.13"/>
    <property name="ComSpec" value="C:\WINDOWS\system32\cmd.exe"/>
    <property name="HOMEPATH" value="\Users\TAPAN"/>
    <property name="awt.toolkit" value="sun.awt.windows.WToolkit"/>
    <property name=" CLASSPATH" value="%CLASSPATH%;C:\Program Files\Java\jdk-14\lib\junit-4.13.jar\junit-4.13.jar;.;"/>
    <property name="POM_PACKAGING" value="jar"/>
    <property name="COMPUTERNAME" value="TAPAN-PC"/>
    <property name="user.script" value=""/>
    <property name="POM_GROUPID" value="NaveenMavenAutomationFramework"/>
    <property name="user.home" value="C:\Users\TAPAN"/>
    <property name="PUBLIC" value="C:\Users\Public"/>
    <property name="BUILD_TAG" value="jenkins-NaveenMavenAutomationFramework-4"/>
    <property name="JENKINS_SERVER_COOKIE" value="02bf491a9e491287"/>
    <property name="HUDSON_URL" value="http://localhost:8080/"/>
    <property name="ProgramData" value="C:\ProgramData"/>
    <property name="java.version.date" value="2021-10-19"/>
    <property name="java.specification.vendor" value="Oracle Corporation"/>
    <property name="USERPROFILE" value="C:\Users\TAPAN"/>
    <property name="CLASSPATH" value=""/>
    <property name="java.library.path" value="C:\Program Files\Java\jdk-11.0.13\bin;C:\WINDOWS\Sun\Java\bin;C:\WINDOWS\system32;C:\WINDOWS;C:\Users\TAPAN\.jenkins\tools\hudson.tasks.Maven_MavenInstallation\TestMaven/bin;C:\Program Files\Java\jdk-11.0.13/bin;C:\Program Files\Java\jdk-11.0.13/bin;C:\Program Files\Common Files\Oracle\Java\javapath;C:\TAPAN\STUDY\SQL Learning\mysql-8.0.20-winx64\bin;C:\WINDOWS\system32;C:\WINDOWS;C:\WINDOWS\System32\Wbem;C:\WINDOWS\System32\WindowsPowerShell\v1.0\;C:\WINDOWS\System32\OpenSSH\;C:\TAPAN\STUDY\QUALITY ASSURANCE NIKUL SIR\SOFTWARE AND FILES\apache-ant-1.10.11\bin;C:\TAPAN\STUDY\QUALITY ASSURANCE NIKUL SIR\SOFTWARE AND FILES\apache-maven-3.8.3-bin\apache-maven-3.8.3\bin;C:\Program Files\Java\jdk-11.0.13\bin;C:\Program Files\Git\cmd;C:\Program Files\nodejs\;C:\Users\TAPAN\Downloads\openlogic-openjdk-8u262-b10-mac-x64\jdk1.8.0_262.jdk\Contents\Home\bin;C:\Users\TAPAN\AppData\Local\Microsoft\WindowsApps;C:\Users\TAPAN\AppData\Roaming\npm;C:\Program Files\nodejs\;;."/>
    <property name="java.vendor.url" value="https://openjdk.java.net/"/>
    <property name="java.vm.vendor" value="Oracle Corporation"/>
    <property name="APPDATA" value="C:\Users\TAPAN\AppData\Roaming"/>
    <property name="java.runtime.name" value="Java(TM) SE Runtime Environment"/>
    <property name="maven.home" value="C:\Users\TAPAN\.jenkins\tools\hudson.tasks.Maven_MavenInstallation\TestMaven"/>
    <property name="java.class.path" value="C:\Users\TAPAN\.jenkins\plugins\maven-plugin\WEB-INF\lib\maven35-agent-1.13.jar;C:\Users\TAPAN\.jenkins\tools\hudson.tasks.Maven_MavenInstallation\TestMaven\boot\plexus-classworlds-2.6.0.jar;C:\Users\TAPAN\.jenkins\tools\hudson.tasks.Maven_MavenInstallation\TestMaven/conf/logging"/>
    <property name="sun.java.command" value="jenkins.maven3.agent.Maven35Main C:\Users\TAPAN\.jenkins\tools\hudson.tasks.Maven_MavenInstallation\TestMaven C:\Users\TAPAN\.jenkins\war\WEB-INF\lib\remoting-4.11.2.jar C:\Users\TAPAN\.jenkins\plugins\maven-plugin\WEB-INF\lib\maven35-interceptor-1.13.jar C:\Users\TAPAN\.jenkins\plugins\maven-plugin\WEB-INF\lib\maven3-interceptor-commons-1.13.jar 56842"/>
    <property name="jdk.debug" value="release"/>
    <property name="PROCESSOR_ARCHITECTURE" value="AMD64"/>
    <property name="java.vm.specification.name" value="Java Virtual Machine Specification"/>
    <property name="jansi.mode" value="strip"/>
    <property name="PATH+JDK" value="C:\Program Files\Java\jdk-11.0.13/bin"/>
    <property name="SESSIONNAME" value="Console"/>
    <property name="PROCESSOR_IDENTIFIER" value="Intel64 Family 6 Model 58 Stepping 9, GenuineIntel"/>
    <property name="java.vm.specification.version" value="11"/>
    <property name="M2_HOME" value="C:\Users\TAPAN\.jenkins\tools\hudson.tasks.Maven_MavenInstallation\TestMaven"/>
    <property name="sun.cpu.endian" value="little"/>
    <property name="sun.os.patch.level" value=""/>
    <property name="OS" value="Windows_NT"/>
    <property name="CI" value="true"/>
    <property name="java.io.tmpdir" value="C:\Users\TAPAN\AppData\Local\Temp\"/>
    <property name="HUDSON_HOME" value="C:\Users\TAPAN\.jenkins"/>
    <property name="PATH+MAVEN" value="C:\Users\TAPAN\.jenkins\tools\hudson.tasks.Maven_MavenInstallation\TestMaven/bin"/>
    <property name="ProgramFiles(x86)" value="C:\Program Files (x86)"/>
    <property name="java.vendor.url.bug" value="https://bugreport.java.com/bugreport/"/>
    <property name="BUILD_URL" value="http://localhost:8080/job/NaveenMavenAutomationFramework/4/"/>
    <property name="SystemRoot" value="C:\WINDOWS"/>
    <property name="os.arch" value="amd64"/>
    <property name="java.awt.graphicsenv" value="sun.awt.Win32GraphicsEnvironment"/>
    <property name="user.dir" value="C:\TAPAN\STUDY\QUALITY ASSURANCE NIKUL SIR\Selenium_Workspace\NaveenMavenAutomationFramework"/>
    <property name="JOB_URL" value="http://localhost:8080/job/NaveenMavenAutomationFramework/"/>
    <property name="LOGONSERVER" value="\\TAPAN-PC"/>
    <property name="USERDOMAIN" value="TAPAN-PC"/>
    <property name="MAVEN_HOME" value="C:\Users\TAPAN\.jenkins\tools\hudson.tasks.Maven_MavenInstallation\TestMaven"/>
    <property name="line.separator" value="
"/>
    <property name="java.vm.name" value="Java HotSpot(TM) 64-Bit Server VM"/>
    <property name="BUILD_NUMBER" value="4"/>
    <property name="PROCESSOR_REVISION" value="3a09"/>
    <property name="JENKINS_URL" value="http://localhost:8080/"/>
    <property name="ProgramW6432" value="C:\Program Files"/>
    <property name="windir" value="C:\WINDOWS"/>
    <property name="=C:" value="C:\TAPAN\STUDY\QUALITY ASSURANCE NIKUL SIR\SOFTWARE AND FILES\Jenkins"/>
    <property name="file.encoding" value="Cp1252"/>
    <property name="SystemDrive" value="C:"/>
    <property name="maven3.interceptor" value="C:\Users\TAPAN\.jenkins\plugins\maven-plugin\WEB-INF\lib\maven35-interceptor-1.13.jar"/>
    <property name="WORKSPACE_TMP" value="C:\Users\TAPAN\.jenkins\workspace\NaveenMavenAutomationFramework@tmp"/>
    <property name="WORKSPACE" value="C:\Users\TAPAN\.jenkins\workspace\NaveenMavenAutomationFramework"/>
    <property name="maven3.interceptor.common" value="C:\Users\TAPAN\.jenkins\plugins\maven-plugin\WEB-INF\lib\maven3-interceptor-commons-1.13.jar"/>
    <property name="PSModulePath" value="C:\Program Files\WindowsPowerShell\Modules;C:\WINDOWS\system32\WindowsPowerShell\v1.0\Modules"/>
    <property name="java.specification.version" value="11"/>
    <property name="DriverData" value="C:\Windows\System32\Drivers\DriverData"/>
    <property name="java.vendor.version" value="18.9"/>
  </properties>
  <testcase classname="tests.LoginPageTest" name="LoginWithRightunameandpswd" time="1.533"/>
  <testcase classname="tests.LoginPageTest" name="Loginwithwrongunameandpswd" time="1.153"/>
  <testcase classname="tests.LoginPageTest" name="VerifyloginTitle" time="0.01"/>
  <testcase classname="tests.HomePageTest" name="InOrdertogetRegisterPage" time="2.398"/>
  <testcase classname="tests.HomePageTest" name="ValidateonRegPage" time="2.512"/>
  <testcase classname="tests.HomePageTest" name="VerifyAfterRegMsg" time="6.914"/>
</testsuite>