<?xml version="1.0" encoding="UTF-8"?>
<!-- Generated by org.testng.reporters.JUnitReportReporter -->
<testsuite hostname="TAPAN-PC" failures="0" tests="3" name="tests.LoginPageTest" time="38.191" errors="0" timestamp="04 Mar. 2022 18:52:08 GMT" skipped="0">
  <testcase classname="tests.LoginPageTest" name="LoginWithRightunameandpswd" time="13.101"/>
  <testcase classname="tests.LoginPageTest" name="VerifyloginTitle" time="12.824"/>
  <testcase classname="tests.LoginPageTest" name="Loginwithwrongunameandpswd" time="12.266"/>
</testsuite> <!-- tests.LoginPageTest -->
