<?xml version="1.0" encoding="UTF-8"?>
<!-- Generated by org.testng.reporters.JUnitReportReporter -->
<testsuite hostname="TAPAN-PC" failures="0" tests="3" name="tests.HomePageTest" time="48.345" errors="0" timestamp="04 Mar. 2022 20:27:38 GMT" skipped="0">
  <testcase classname="tests.HomePageTest" name="InOrdertogetRegisterPage" time="13.295"/>
  <testcase classname="tests.HomePageTest" name="ValidateonRegPage" time="17.669"/>
  <testcase classname="tests.HomePageTest" name="VerifyAfterRegMsg" time="17.381"/>
</testsuite> <!-- tests.HomePageTest -->
