<?xml version="1.0" encoding="UTF-8"?>
<!-- Generated by org.testng.reporters.JUnitReportReporter -->
<testsuite hostname="TAPAN-PC" failures="0" tests="3" name="tests.LoginPageTest" time="38.278" errors="0" timestamp="04 Mar. 2022 20:27:39 GMT" skipped="0">
  <testcase classname="tests.LoginPageTest" name="VerifyloginTitle" time="11.289"/>
  <testcase classname="tests.LoginPageTest" name="Loginwithwrongunameandpswd" time="14.544"/>
  <testcase classname="tests.LoginPageTest" name="LoginWithRightunameandpswd" time="12.445"/>
</testsuite> <!-- tests.LoginPageTest -->
